mode: set
gitlab.rebrainme.com/golang_users_repos/2184/final/internal/cron.go:23.44,28.2 1 1
gitlab.rebrainme.com/golang_users_repos/2184/final/internal/cron.go:30.64,36.12 4 0
gitlab.rebrainme.com/golang_users_repos/2184/final/internal/cron.go:36.12,37.7 1 0
gitlab.rebrainme.com/golang_users_repos/2184/final/internal/cron.go:37.7,38.11 1 0
gitlab.rebrainme.com/golang_users_repos/2184/final/internal/cron.go:39.22,41.11 2 0
gitlab.rebrainme.com/golang_users_repos/2184/final/internal/cron.go:42.20,45.19 2 0
gitlab.rebrainme.com/golang_users_repos/2184/final/internal/cron.go:48.5,48.38 1 0
gitlab.rebrainme.com/golang_users_repos/2184/final/internal/cron.go:70.5,71.19 2 0
gitlab.rebrainme.com/golang_users_repos/2184/final/internal/cron.go:45.19,47.6 1 0
gitlab.rebrainme.com/golang_users_repos/2184/final/internal/cron.go:48.38,50.20 2 0
gitlab.rebrainme.com/golang_users_repos/2184/final/internal/cron.go:54.6,55.20 2 0
gitlab.rebrainme.com/golang_users_repos/2184/final/internal/cron.go:59.6,60.20 2 0
gitlab.rebrainme.com/golang_users_repos/2184/final/internal/cron.go:64.6,67.76 4 0
gitlab.rebrainme.com/golang_users_repos/2184/final/internal/cron.go:50.20,52.7 1 0
gitlab.rebrainme.com/golang_users_repos/2184/final/internal/cron.go:55.20,57.7 1 0
gitlab.rebrainme.com/golang_users_repos/2184/final/internal/cron.go:60.20,62.7 1 0
gitlab.rebrainme.com/golang_users_repos/2184/final/internal/cron.go:71.19,73.6 1 0
gitlab.rebrainme.com/golang_users_repos/2184/final/internal/cron.go:80.90,83.12 2 1
gitlab.rebrainme.com/golang_users_repos/2184/final/internal/cron.go:91.2,93.16 3 1
gitlab.rebrainme.com/golang_users_repos/2184/final/internal/cron.go:97.2,97.25 1 1
gitlab.rebrainme.com/golang_users_repos/2184/final/internal/cron.go:83.12,89.3 4 1
gitlab.rebrainme.com/golang_users_repos/2184/final/internal/cron.go:93.16,95.3 1 0
gitlab.rebrainme.com/golang_users_repos/2184/final/internal/cron.go:100.107,103.32 2 1
gitlab.rebrainme.com/golang_users_repos/2184/final/internal/cron.go:119.2,119.21 1 1
gitlab.rebrainme.com/golang_users_repos/2184/final/internal/cron.go:103.32,105.33 2 1
gitlab.rebrainme.com/golang_users_repos/2184/final/internal/cron.go:110.3,110.19 1 1
gitlab.rebrainme.com/golang_users_repos/2184/final/internal/cron.go:105.33,106.21 1 0
gitlab.rebrainme.com/golang_users_repos/2184/final/internal/cron.go:106.21,108.5 1 0
gitlab.rebrainme.com/golang_users_repos/2184/final/internal/cron.go:110.19,112.18 2 1
gitlab.rebrainme.com/golang_users_repos/2184/final/internal/cron.go:115.4,116.36 2 1
gitlab.rebrainme.com/golang_users_repos/2184/final/internal/cron.go:112.18,114.5 1 0
